[2024-10-28 22:09:29,314 - systeminfo.py:47,  __init__] DEBUG - SystemInfo object created
[2024-10-28 22:09:29,315 - systeminfo.py:51,  get_os_info] DEBUG - Getting OS info
[2024-10-28 22:09:29,315 - systeminfo.py:64,  get_cpu_info] DEBUG - Getting CPU info
[2024-10-28 22:09:30,318 - systeminfo.py:76,  get_memory_info] DEBUG - Getting memory info
[2024-10-28 22:09:30,318 - systeminfo.py:91,  get_hd_info] DEBUG - Getting hard drive info
[2024-10-28 22:09:30,318 - systeminfo.py:114,  get_time_info] DEBUG - Getting OS info
[2024-10-28 22:09:30,318 - systeminfo.py:133,  display_result] DEBUG - Displaying result
[2024-10-28 22:09:30,318 - systeminfo.py:145,  display_result] DEBUG - Output format: text
[2024-10-28 22:10:21,237 - systeminfo.py:47,  __init__] DEBUG - SystemInfo object created
[2024-10-28 22:10:21,238 - systeminfo.py:51,  get_os_info] DEBUG - Getting OS info
[2024-10-28 22:10:21,238 - systeminfo.py:64,  get_cpu_info] DEBUG - Getting CPU info
[2024-10-28 22:10:22,241 - systeminfo.py:76,  get_memory_info] DEBUG - Getting memory info
[2024-10-28 22:10:22,242 - systeminfo.py:91,  get_hd_info] DEBUG - Getting hard drive info
[2024-10-28 22:10:22,242 - systeminfo.py:114,  get_time_info] DEBUG - Getting OS info
[2024-10-28 22:10:22,242 - systeminfo.py:133,  display_result] DEBUG - Displaying result
[2024-10-28 22:13:39,888 - systeminfo.py:53,  __init__] DEBUG - SystemInfo object created
[2024-10-28 22:13:39,888 - systeminfo.py:57,  get_os_info] DEBUG - Getting OS info
[2024-10-28 22:13:39,888 - systeminfo.py:70,  get_cpu_info] DEBUG - Getting CPU info
[2024-10-28 22:13:40,892 - systeminfo.py:82,  get_memory_info] DEBUG - Getting memory info
[2024-10-28 22:13:40,892 - systeminfo.py:97,  get_hd_info] DEBUG - Getting hard drive info
[2024-10-28 22:13:40,893 - systeminfo.py:120,  get_time_info] DEBUG - Getting OS info
[2024-10-28 22:13:40,893 - systeminfo.py:139,  display_result] DEBUG - Displaying result
[2024-10-28 22:13:40,893 - systeminfo.py:151,  display_result] DEBUG - Output format: text
